\BOOKMARK [0][-]{section*.1}{書名頁}{}% 1
\BOOKMARK [0][-]{section*.2}{論文口試委員審定書}{}% 2
\BOOKMARK [0][-]{section*.3}{授權書}{}% 3
\BOOKMARK [0][-]{section*.4}{中文摘要}{}% 4
\BOOKMARK [0][-]{section*.5}{英文摘要}{}% 5
\BOOKMARK [0][-]{section*.7}{誌謝}{}% 6
\BOOKMARK [0][-]{section*.8}{目錄}{}% 7
\BOOKMARK [0][-]{section*.10}{表目錄}{}% 8
\BOOKMARK [0][-]{section*.12}{圖目錄}{}% 9
\BOOKMARK [0][-]{chapter.1}{緒論}{}% 10
\BOOKMARK [1][-]{section.1.1}{研究背景與動機}{chapter.1}% 11
\BOOKMARK [1][-]{section.1.2}{研究目的}{chapter.1}% 12
\BOOKMARK [1][-]{section.1.3}{研究流程}{chapter.1}% 13
\BOOKMARK [0][-]{chapter.2}{文獻探討}{}% 14
\BOOKMARK [1][-]{section.2.1}{品牌的定義}{chapter.2}% 15
\BOOKMARK [1][-]{section.2.2}{品牌知覺}{chapter.2}% 16
\BOOKMARK [1][-]{section.2.3}{品牌行銷}{chapter.2}% 17
\BOOKMARK [1][-]{section.2.4}{消費者行為}{chapter.2}% 18
\BOOKMARK [1][-]{section.2.5}{消費者行為理論\(Consumer Behavior Theory\)}{chapter.2}% 19
\BOOKMARK [2][-]{subsection.2.5.1}{EBK消費者行為定義}{section.2.5}% 20
\BOOKMARK [2][-]{subsection.2.5.2}{影響消費行為的心理因素}{section.2.5}% 21
\BOOKMARK [1][-]{section.2.6}{影響消費購買意願}{chapter.2}% 22
\BOOKMARK [2][-]{subsection.2.6.1}{購買意願之購買決策過程}{section.2.6}% 23
\BOOKMARK [1][-]{section.2.7}{La jolla樂活雅}{chapter.2}% 24
\BOOKMARK [0][-]{chapter.3}{研究過程}{}% 25
\BOOKMARK [0][-]{chapter.4}{研究結果展示}{}% 26
\BOOKMARK [0][-]{chapter.5}{結論與建議}{}% 27
\BOOKMARK [1][-]{section.5.1}{結論}{chapter.5}% 28
\BOOKMARK [1][-]{section.5.2}{未來發展建議}{chapter.5}% 29
\BOOKMARK [1][-]{section.5.3}{後續研究方向}{chapter.5}% 30
\BOOKMARK [0][-]{section*.14}{參考文獻}{}% 31
