This is XeTeX, Version 3.1415926-2.4-0.9998 (TeX Live 2012) (format=xetex 2013.1.2)  25 APR 2013 14:39
entering extended mode
 restricted \write18 enabled.
 %&-line parsing enabled.
**my_cabstract.tex
(./my_cabstract.tex
Missing character: There is no 因 in font cmr10!
Missing character: There is no 近 in font cmr10!
Missing character: There is no 年 in font cmr10!
Missing character: There is no 來 in font cmr10!
Missing character: There is no 隨 in font cmr10!
Missing character: There is no 著 in font cmr10!
Missing character: There is no 時 in font cmr10!
Missing character: There is no 代 in font cmr10!
Missing character: There is no 變 in font cmr10!
Missing character: There is no 遷 in font cmr10!
Missing character: There is no 網 in font cmr10!
Missing character: There is no 際 in font cmr10!
Missing character: There is no 網 in font cmr10!
Missing character: There is no 路 in font cmr10!
Missing character: There is no 盛 in font cmr10!
Missing character: There is no 行 in font cmr10!
Missing character: There is no ， in font cmr10!
Missing character: There is no 導 in font cmr10!
Missing character: There is no 致 in font cmr10!
Missing character: There is no 網 in font cmr10!
Missing character: There is no 路 in font cmr10!
Missing character: There is no 購 in font cmr10!
Missing character: There is no 物 in font cmr10!
Missing character: There is no 興 in font cmr10!
Missing character: There is no 起 in font cmr10!
Missing character: There is no 源 in font cmr10!
Missing character: There is no 於 in font cmr10!
Missing character: There is no 實 in font cmr10!
Missing character: There is no 體 in font cmr10!
Missing character: There is no 通 in font cmr10!
Missing character: There is no 路 in font cmr10!
Missing character: There is no 商 in font cmr10!
Missing character: There is no 紛 in font cmr10!
Missing character: There is no 紛 in font cmr10!
Missing character: There is no 轉 in font cmr10!
Missing character: There is no 型 in font cmr10!
Missing character: There is no 向 in font cmr10!
Missing character: There is no 虛 in font cmr10!
Missing character: There is no 擬 in font cmr10!
Missing character: There is no 通 in font cmr10!
Missing character: There is no 路 in font cmr10!
Missing character: There is no ， in font cmr10!
Missing character: There is no 本 in font cmr10!
Missing character: There is no 以 in font cmr10!
Missing character: There is no 實 in font cmr10!
Missing character: There is no 體 in font cmr10!
Missing character: There is no 通 in font cmr10!
Missing character: There is no 路 in font cmr10!
Missing character: There is no 時 in font cmr10!
Missing character: There is no 消 in font cmr10!
Missing character: There is no 費 in font cmr10!
Missing character: There is no 者 in font cmr10!
Missing character: There is no 購 in font cmr10!
Missing character: There is no 買 in font cmr10!
Missing character: There is no 商 in font cmr10!
Missing character: There is no 品 in font cmr10!
Missing character: There is no 時 in font cmr10!
Missing character: There is no 隨 in font cmr10!
Missing character: There is no 時 in font cmr10!
Missing character: There is no 都 in font cmr10!
Missing character: There is no 有 in font cmr10!
Missing character: There is no 服 in font cmr10!
Missing character: There is no 務 in font cmr10!
Missing character: There is no 人 in font cmr10!
Missing character: There is no 員 in font cmr10!
Missing character: There is no 在 in font cmr10!
Missing character: There is no 場 in font cmr10!
Missing character: There is no 介 in font cmr10!
Missing character: There is no 紹 in font cmr10!
Missing character: There is no 推 in font cmr10!
Missing character: There is no 銷 in font cmr10!
Missing character: There is no 幫 in font cmr10!
Missing character: There is no 助 in font cmr10!
Missing character: There is no 消 in font cmr10!
Missing character: There is no 費 in font cmr10!
Missing character: There is no 者 in font cmr10!
Missing character: There is no 更 in font cmr10!
Missing character: There is no 能 in font cmr10!
Missing character: There is no 瞭 in font cmr10!
Missing character: There is no 解 in font cmr10!
Missing character: There is no 購 in font cmr10!
Missing character: There is no 買 in font cmr10!
Missing character: There is no 的 in font cmr10!
Missing character: There is no 商 in font cmr10!
Missing character: There is no 品 in font cmr10!
Missing character: There is no 瞭 in font cmr10!
Missing character: There is no 解 in font cmr10!
Missing character: There is no 所 in font cmr10!
Missing character: There is no 需 in font cmr10!
Missing character: There is no 商 in font cmr10!
Missing character: There is no 品 in font cmr10!
Missing character: There is no 但 in font cmr10!
Missing character: There is no 是 in font cmr10!
Missing character: There is no 虛 in font cmr10!
Missing character: There is no 擬 in font cmr10!
Missing character: There is no 網 in font cmr10!
Missing character: There is no 際 in font cmr10!
Missing character: There is no 網 in font cmr10!
Missing character: There is no 路 in font cmr10!
Missing character: There is no 通 in font cmr10!
Missing character: There is no 路 in font cmr10!
Missing character: There is no 並 in font cmr10!
Missing character: There is no 沒 in font cmr10!
Missing character: There is no 有 in font cmr10!
Missing character: There is no 像 in font cmr10!
Missing character: There is no 實 in font cmr10!
Missing character: There is no 體 in font cmr10!
Missing character: There is no 通 in font cmr10!
Missing character: There is no 路 in font cmr10!
Missing character: There is no 服 in font cmr10!
Missing character: There is no 務 in font cmr10!
Missing character: There is no 人 in font cmr10!
Missing character: There is no 員 in font cmr10!
Missing character: There is no 隨 in font cmr10!
Missing character: There is no 時 in font cmr10!
Missing character: There is no 在 in font cmr10!
Missing character: There is no 旁 in font cmr10!
Missing character: There is no 協 in font cmr10!
Missing character: There is no 助 in font cmr10!
Missing character: There is no 因 in font cmr10!
Missing character: There is no 此 in font cmr10!
Missing character: There is no 很 in font cmr10!
Missing character: There is no 多 in font cmr10!
Missing character: There is no 公 in font cmr10!
Missing character: There is no 司 in font cmr10!
Missing character: There is no 並 in font cmr10!
Missing character: There is no 無 in font cmr10!
Missing character: There is no 法 in font cmr10!
Missing character: There is no 有 in font cmr10!
Missing character: There is no 效 in font cmr10!
Missing character: There is no 的 in font cmr10!
Missing character: There is no 瞭 in font cmr10!
Missing character: There is no 解 in font cmr10!
Missing character: There is no 網 in font cmr10!
Missing character: There is no 路 in font cmr10!
Missing character: There is no 消 in font cmr10!
Missing character: There is no 費 in font cmr10!
Missing character: There is no 者 in font cmr10!
Missing character: There is no 所 in font cmr10!
Missing character: There is no 需 in font cmr10!
Missing character: There is no 的 in font cmr10!
Missing character: There is no 對 in font cmr10!
Missing character: There is no 於 in font cmr10!
Missing character: There is no 消 in font cmr10!
Missing character: There is no 費 in font cmr10!
Missing character: There is no 者 in font cmr10!
Missing character: There is no 是 in font cmr10!
Missing character: There is no 否 in font cmr10!
Missing character: There is no 滿 in font cmr10!
Missing character: There is no 意 in font cmr10!
Missing character: There is no 或 in font cmr10!
Missing character: There is no 其 in font cmr10!
Missing character: There is no 販 in font cmr10!
Missing character: There is no 售 in font cmr10!
Missing character: There is no 的 in font cmr10!
Missing character: There is no 商 in font cmr10!
Missing character: There is no 品 in font cmr10!
Missing character: There is no 因 in font cmr10!
Missing character: There is no 此 in font cmr10!
Missing character: There is no 導 in font cmr10!
Missing character: There is no 致 in font cmr10!
Missing character: There is no 無 in font cmr10!
Missing character: There is no 法 in font cmr10!
Missing character: There is no 猜 in font cmr10!
Missing character: There is no 測 in font cmr10!
Missing character: There is no 試 in font cmr10!
Missing character: There is no 是 in font cmr10!
Missing character: There is no 否 in font cmr10!
Missing character: There is no 服 in font cmr10!
Missing character: There is no 務 in font cmr10!
Missing character: There is no 到 in font cmr10!
Missing character: There is no 客 in font cmr10!
Missing character: There is no 戶 in font cmr10!
Missing character: There is no 更 in font cmr10!
Missing character: There is no 難 in font cmr10!
Missing character: There is no 以 in font cmr10!
Missing character: There is no 測 in font cmr10!
Missing character: There is no 試 in font cmr10!
Missing character: There is no 未 in font cmr10!
Missing character: There is no 來 in font cmr10!
Missing character: There is no 的 in font cmr10!
Missing character: There is no 消 in font cmr10!
Missing character: There is no 費 in font cmr10!
Missing character: There is no 行 in font cmr10!
Missing character: There is no 為 in font cmr10!
Missing character: There is no 本 in font cmr10!
Missing character: There is no 研 in font cmr10!
Missing character: There is no 究 in font cmr10!
Missing character: There is no 以 in font cmr10!
Missing character: There is no 樂 in font cmr10!
Missing character: There is no 活 in font cmr10!
Missing character: There is no 雅 in font cmr10!
Missing character: There is no 鈦 in font cmr10!
Missing character: There is no 鍺 in font cmr10!
Missing character: There is no 精 in font cmr10!
Missing character: There is no 品 in font cmr10!
Missing character: There is no 公 in font cmr10!
Missing character: There is no 司 in font cmr10!
Missing character: There is no 為 in font cmr10!
Missing character: There is no 例 in font cmr10!
Missing character: There is no ， in font cmr10!
Missing character: There is no 探 in font cmr10!
Missing character: There is no 討 in font cmr10!
Missing character: There is no 公 in font cmr10!
Missing character: There is no 司 in font cmr10!
Missing character: There is no 的 in font cmr10!
Missing character: There is no 經 in font cmr10!
Missing character: There is no 營 in font cmr10!
Missing character: There is no 在 in font cmr10!
Missing character: There is no 導 in font cmr10!
Missing character: There is no 入 in font cmr10!
Missing character: There is no 電 in font cmr10!
Missing character: There is no 子 in font cmr10!
Missing character: There is no 商 in font cmr10!
Missing character: There is no 務 in font cmr10!
Missing character: There is no 經 in font cmr10!
Missing character: There is no 營 in font cmr10!
Missing character: There is no 策 in font cmr10!
Missing character: There is no 略 in font cmr10!
Missing character: There is no 之 in font cmr10!
Missing character: There is no 後 in font cmr10!
Missing character: There is no ， in font cmr10!
Missing character: There is no 品 in font cmr10!
Missing character: There is no 牌 in font cmr10!
Missing character: There is no 聲 in font cmr10!
Missing character: There is no 望 in font cmr10!
Missing character: There is no 與 in font cmr10!
Missing character: There is no 及 in font cmr10!
Missing character: There is no 品 in font cmr10!
Missing character: There is no 牌 in font cmr10!
Missing character: There is no 知 in font cmr10!
Missing character: There is no 覺 in font cmr10!
Missing character: There is no 對 in font cmr10!
Missing character: There is no 消 in font cmr10!
Missing character: There is no 費 in font cmr10!
Missing character: There is no 者 in font cmr10!
Missing character: There is no 行 in font cmr10!
Missing character: There is no 為 in font cmr10!
Missing character: There is no 與 in font cmr10!
Missing character: There is no 消 in font cmr10!
Missing character: There is no 費 in font cmr10!
Missing character